#
# There is insufficient memory for the Java Runtime Environment to continue.
# Native memory allocation (malloc) failed to allocate 1048576 bytes for AllocateHeap
# Possible reasons:
#   The system is out of physical RAM or swap space
#   The process is running with CompressedOops enabled, and the Java Heap may be blocking the growth of the native heap
# Possible solutions:
#   Reduce memory load on the system
#   Increase physical memory or swap space
#   Check if swap backing store is full
#   Decrease Java heap size (-Xmx/-Xms)
#   Decrease number of Java threads
#   Decrease Java thread stack sizes (-Xss)
#   Set larger code cache with -XX:ReservedCodeCacheSize=
#   JVM is running with Unscaled Compressed Oops mode in which the Java heap is
#     placed in the first 4GB address space. The Java Heap base address is the
#     maximum limit for the native heap growth. Please use -XX:HeapBaseMinAddress
#     to set the Java Heap base and to place the Java Heap above 4GB virtual address.
# This output file may be truncated or incomplete.
#
#  Out of Memory Error (allocation.cpp:44), pid=11400, tid=21852
#
# JRE version:  (16.0.2+7) (build )
# Java VM: Java HotSpot(TM) 64-Bit Server VM (16.0.2+7-67, mixed mode, sharing, tiered, compressed oops, compressed class ptrs, g1 gc, windows-amd64)
# No core dump will be written. Minidumps are not enabled by default on client versions of Windows
#

---------------  S U M M A R Y ------------

Command Line: -Dfile.encoding=UTF-8 -XX:+ShowCodeDetailsInExceptionMessages seleniumsessions.JqueryDropDown

Host: Intel(R) Core(TM) i5-10210U CPU @ 1.60GHz, 8 cores, 7G,  Windows 10 , 64 bit Build 22621 (10.0.22621.2428)
Time: Mon Nov 13 20:44:43 2023 Eastern Standard Time elapsed time: 0.010467 seconds (0d 0h 0m 0s)

---------------  T H R E A D  ---------------

Current thread (0x000002369f611930):  JavaThread "Unknown thread" [_thread_in_vm, id=21852, stack(0x0000009075100000,0x0000009075200000)]

Stack: [0x0000009075100000,0x0000009075200000]
Native frames: (J=compiled Java code, j=interpreted, Vv=VM code, C=native code)
V  [jvm.dll+0x6681ca]
V  [jvm.dll+0x7c9e69]
V  [jvm.dll+0x7cb61e]
V  [jvm.dll+0x7cbc73]
V  [jvm.dll+0x242c55]
V  [jvm.dll+0xa8732]
V  [jvm.dll+0x2dc6d4]
V  [jvm.dll+0x2d423b]
V  [jvm.dll+0x79c741]
V  [jvm.dll+0x360791]
V  [jvm.dll+0x77a3f0]
V  [jvm.dll+0x3e4e8f]
V  [jvm.dll+0x3e6961]
C  [jli.dll+0x52fb]
C  [ucrtbase.dll+0x29363]
C  [KERNEL32.DLL+0x1257d]
C  [ntdll.dll+0x5aa78]


---------------  P R O C E S S  ---------------

Threads class SMR info:
_java_thread_list=0x00007fff2900cbb8, length=0, elements={
}

Java Threads: ( => current thread )

Other Threads:
  0x000002369f652f90 GCTaskThread "GC Thread#0" [stack: 0x0000009075200000,0x0000009075300000] [id=42108]

[error occurred during error reporting (printing all threads), id 0xc0000005, EXCEPTION_ACCESS_VIOLATION (0xc0000005) at pc=0x00007fff287e13c0]

VM state: not at safepoint (not fully initialized)

VM Mutex/Monitor currently owned by a thread:  ([mutex/lock_event])
[0x000002369f60f0f0] Heap_lock - owner thread: 0x000002369f611930

Heap address: 0x0000000083200000, size: 1998 MB, Compressed Oops mode: 32-bit

CDS archive(s) mapped at: [0x0000000000000000-0x0000000000000000-0x0000000000000000), size 0, SharedBaseAddress: 0x0000000800000000, ArchiveRelocationMode: 0.
Narrow klass base: 0x0000000000000000, Narrow klass shift: 0, Narrow klass range: 0x0

GC Precious Log:
<Empty>

Heap:
 garbage-first heap   total 0K, used 0K [0x0000000083200000, 0x0000000100000000)
  region size 1024K, 0 young (0K), 0 survivors (0K)

[error occurred during error reporting (printing heap information), id 0xc0000005, EXCEPTION_ACCESS_VIOLATION (0xc0000005) at pc=0x00007fff28bc1eed]

GC Heap History (0 events):
No events

Deoptimization events (0 events):
No events

Classes unloaded (0 events):
No events

Classes redefined (0 events):
No events

Internal exceptions (0 events):
No events

Events (1 events):
Event: 0.007 Loaded shared library C:\Program Files\Java\jdk-16.0.2\bin\java.dll


Dynamic libraries:
0x00007ff7098d0000 - 0x00007ff7098e0000 	C:\Program Files\Java\jdk-16.0.2\bin\javaw.exe
0x00007fff7e370000 - 0x00007fff7e587000 	C:\WINDOWS\SYSTEM32\ntdll.dll
0x00007fff7d3e0000 - 0x00007fff7d4a4000 	C:\WINDOWS\System32\KERNEL32.DLL
0x00007fff7ba50000 - 0x00007fff7bdf6000 	C:\WINDOWS\System32\KERNELBASE.dll
0x00007fff7bf30000 - 0x00007fff7c041000 	C:\WINDOWS\System32\ucrtbase.dll
0x00007fff71d00000 - 0x00007fff71d19000 	C:\Program Files\Java\jdk-16.0.2\bin\VCRUNTIME140.dll
0x00007fff71740000 - 0x00007fff71758000 	C:\Program Files\Java\jdk-16.0.2\bin\jli.dll
0x00007fff7ce40000 - 0x00007fff7cef0000 	C:\WINDOWS\System32\ADVAPI32.dll
0x00007fff7d4b0000 - 0x00007fff7d557000 	C:\WINDOWS\System32\msvcrt.dll
0x00007fff7cbe0000 - 0x00007fff7cc86000 	C:\WINDOWS\System32\sechost.dll
0x00007fff7cd20000 - 0x00007fff7ce37000 	C:\WINDOWS\System32\RPCRT4.dll
0x00007fff7c180000 - 0x00007fff7c32d000 	C:\WINDOWS\System32\USER32.dll
0x00007fff7b6f0000 - 0x00007fff7b716000 	C:\WINDOWS\System32\win32u.dll
0x00007fff7ca40000 - 0x00007fff7ca69000 	C:\WINDOWS\System32\GDI32.dll
0x00007fff60080000 - 0x00007fff60313000 	C:\WINDOWS\WinSxS\amd64_microsoft.windows.common-controls_6595b64144ccf1df_6.0.22621.2361_none_2712ced57382f843\COMCTL32.dll
0x00007fff7b720000 - 0x00007fff7b838000 	C:\WINDOWS\System32\gdi32full.dll
0x00007fff7b9b0000 - 0x00007fff7ba4a000 	C:\WINDOWS\System32\msvcp_win.dll
0x00007fff706f0000 - 0x00007fff706fa000 	C:\WINDOWS\SYSTEM32\VERSION.dll
0x00007fff7cff0000 - 0x00007fff7d021000 	C:\WINDOWS\System32\IMM32.DLL
0x00007fff74940000 - 0x00007fff7494c000 	C:\Program Files\Java\jdk-16.0.2\bin\vcruntime140_1.dll
0x00007fff3d0d0000 - 0x00007fff3d161000 	C:\Program Files\Java\jdk-16.0.2\bin\msvcp140.dll
0x00007fff28500000 - 0x00007fff290ab000 	C:\Program Files\Java\jdk-16.0.2\bin\server\jvm.dll
0x00007fff7e310000 - 0x00007fff7e318000 	C:\WINDOWS\System32\PSAPI.DLL
0x00007fff780d0000 - 0x00007fff78104000 	C:\WINDOWS\SYSTEM32\WINMM.dll
0x00007fff53630000 - 0x00007fff53639000 	C:\WINDOWS\SYSTEM32\WSOCK32.dll
0x00007fff7cca0000 - 0x00007fff7cd11000 	C:\WINDOWS\System32\WS2_32.dll
0x00007fff7a690000 - 0x00007fff7a6a8000 	C:\WINDOWS\SYSTEM32\kernel.appcore.dll
0x00007fff730a0000 - 0x00007fff730aa000 	C:\Program Files\Java\jdk-16.0.2\bin\jimage.dll
0x00007fff78f60000 - 0x00007fff7918e000 	C:\WINDOWS\SYSTEM32\DBGHELP.DLL
0x00007fff7df60000 - 0x00007fff7e2ea000 	C:\WINDOWS\System32\combase.dll
0x00007fff7c960000 - 0x00007fff7ca37000 	C:\WINDOWS\System32\OLEAUT32.dll
0x00007fff52ac0000 - 0x00007fff52af2000 	C:\WINDOWS\SYSTEM32\dbgcore.DLL
0x00007fff7c050000 - 0x00007fff7c0ca000 	C:\WINDOWS\System32\bcryptPrimitives.dll
0x00007fff6fd60000 - 0x00007fff6fd85000 	C:\Program Files\Java\jdk-16.0.2\bin\java.dll

dbghelp: loaded successfully - version: 4.0.5 - missing functions: none
symbol engine: initialized successfully - sym options: 0x614 - pdb path: .;C:\Program Files\Java\jdk-16.0.2\bin;C:\WINDOWS\SYSTEM32;C:\WINDOWS\WinSxS\amd64_microsoft.windows.common-controls_6595b64144ccf1df_6.0.22621.2361_none_2712ced57382f843;C:\Program Files\Java\jdk-16.0.2\bin\server

VM Arguments:
jvm_args: -Dfile.encoding=UTF-8 -XX:+ShowCodeDetailsInExceptionMessages 
java_command: seleniumsessions.JqueryDropDown
java_class_path (initial): C:\Users\syuon\My API Workspace\Aug2023SeleniumSessions\target\classes;C:\Users\syuon\.m2\repository\org\seleniumhq\selenium\selenium-java\4.14.1\selenium-java-4.14.1.jar;C:\Users\syuon\.m2\repository\org\seleniumhq\selenium\selenium-api\4.14.1\selenium-api-4.14.1.jar;C:\Users\syuon\.m2\repository\org\seleniumhq\selenium\selenium-chrome-driver\4.14.1\selenium-chrome-driver-4.14.1.jar;C:\Users\syuon\.m2\repository\com\google\auto\service\auto-service-annotations\1.1.1\auto-service-annotations-1.1.1.jar;C:\Users\syuon\.m2\repository\com\google\guava\guava\32.1.2-jre\guava-32.1.2-jre.jar;C:\Users\syuon\.m2\repository\com\google\guava\failureaccess\1.0.1\failureaccess-1.0.1.jar;C:\Users\syuon\.m2\repository\com\google\guava\listenablefuture\9999.0-empty-to-avoid-conflict-with-guava\listenablefuture-9999.0-empty-to-avoid-conflict-with-guava.jar;C:\Users\syuon\.m2\repository\com\google\code\findbugs\jsr305\3.0.2\jsr305-3.0.2.jar;C:\Users\syuon\.m2\repository\org\checkerframework\checker-qual\3.33.0\checker-qual-3.33.0.jar;C:\Users\syuon\.m2\repository\com\google\errorprone\error_prone_annotations\2.18.0\error_prone_annotations-2.18.0.jar;C:\Users\syuon\.m2\repository\com\google\j2objc\j2objc-annotations\2.8\j2objc-annotations-2.8.jar;C:\Users\syuon\.m2\repository\org\seleniumhq\selenium\selenium-chromium-driver\4.14.1\selenium-chromium-driver-4.14.1.jar;C:\Users\syuon\.m2\repository\org\seleniumhq\selenium\selenium-json\4.14.1\selenium-json-4.14.1.jar;C:\Users\syuon\.m2\repository\org\seleniumhq\selenium\selenium-manager\4.14.1\selenium-manager-4.14.1.jar;C:\Users\syuon\.m2\repository\org\seleniumhq\selenium\selenium-devtools-v116\4.14.1\selenium-devtools-v116-4.14.1.jar;C:\Users\syuon\.m2\repository\org\seleniumhq\selenium\selenium-devtools-v117\4.14.1\selenium-devtools-v117-4.14.1.jar;C:\Users\syuon\.m2\repository\org\seleniumhq\selenium\selenium-devtools-v118\4.14.1\selenium-devtools-v118-4.14.1.jar;C:\Users\syuon\.m2\repository\org\seleniu
Launcher Type: SUN_STANDARD

[Global flags]
     intx CICompilerCount                          = 4                                         {product} {ergonomic}
     uint ConcGCThreads                            = 2                                         {product} {ergonomic}
     uint G1ConcRefinementThreads                  = 8                                         {product} {ergonomic}
   size_t G1HeapRegionSize                         = 1048576                                   {product} {ergonomic}
    uintx GCDrainStackTargetSize                   = 64                                        {product} {ergonomic}
   size_t InitialHeapSize                          = 132120576                                 {product} {ergonomic}
   size_t MarkStackSize                            = 4194304                                   {product} {ergonomic}
   size_t MaxHeapSize                              = 2095054848                                {product} {ergonomic}
   size_t MinHeapDeltaBytes                        = 1048576                                   {product} {ergonomic}
   size_t MinHeapSize                              = 8388608                                   {product} {ergonomic}
    uintx NonNMethodCodeHeapSize                   = 5839372                                {pd product} {ergonomic}
    uintx NonProfiledCodeHeapSize                  = 122909434                              {pd product} {ergonomic}
    uintx ProfiledCodeHeapSize                     = 122909434                              {pd product} {ergonomic}
    uintx ReservedCodeCacheSize                    = 251658240                              {pd product} {ergonomic}
     bool SegmentedCodeCache                       = true                                      {product} {ergonomic}
     bool ShowCodeDetailsInExceptionMessages       = true                                   {manageable} {command line}
   size_t SoftMaxHeapSize                          = 2095054848                             {manageable} {ergonomic}
     bool UseCompressedClassPointers               = true                           {product lp64_product} {ergonomic}
     bool UseCompressedOops                        = true                           {product lp64_product} {ergonomic}
     bool UseG1GC                                  = true                                      {product} {ergonomic}
     bool UseLargePagesIndividualAllocation        = false                                  {pd product} {ergonomic}

Logging:
Log output configuration:
 #0: stdout all=warning uptime,level,tags
 #1: stderr all=off uptime,level,tags

Environment Variables:
PATH=C:\Program Files\Common Files\Oracle\Java\javapath;C:\WINDOWS\system32;C:\WINDOWS;C:\WINDOWS\System32\Wbem;C:\WINDOWS\System32\WindowsPowerShell\v1.0\;C:\WINDOWS\System32\OpenSSH\;C:\Program Files\Microsoft SQL Server\Client SDK\ODBC\170\Tools\Binn\;C:\Program Files (x86)\Microsoft SQL Server\150\Tools\Binn\;C:\Program Files\Microsoft SQL Server\150\Tools\Binn\;C:\Program Files\Microsoft SQL Server\150\DTS\Binn\;C:\Program Files (x86)\Microsoft SQL Server\150\DTS\Binn\;C:\Program Files\Azure Data Studio\bin;C:\Program Files\Git\cmd;C:\Program Files\nodejs\;C:\Program Files\apache-maven-3.9.4\bin;;C:\Program Files\Docker\Docker\resources\bin;C:\Users\syuon\scoop\shims;C:\Users\syuon\AppData\Local\Microsoft\WindowsApps;C:\Program Files\Azure Data Studio\bin;C:\Users\syuon\AppData\Local\GitHubDesktop\bin;C:\ProgramData\syuon\GitHubDesktop\bin;C:\Users\syuon\Desktop\CURL folder\curl-8.1.2_3-win64-mingw\curl-8.1.2_3-win64-mingw\bin;C:\Users\syuon\AppData\Roaming\npm
USERNAME=syuon
OS=Windows_NT
PROCESSOR_IDENTIFIER=Intel64 Family 6 Model 142 Stepping 12, GenuineIntel



---------------  S Y S T E M  ---------------

OS:
 Windows 10 , 64 bit Build 22621 (10.0.22621.2428)
OS uptime: 31 days 10:28 hours
Hyper-V role detected

CPU: total 8 (initial active 8) (4 cores per cpu, 2 threads per core) family 6 model 142 stepping 12 microcode 0xea, cx8, cmov, fxsr, ht, mmx, 3dnowpref, sse, sse2, sse3, ssse3, sse4.1, sse4.2, popcnt, lzcnt, tsc, tscinvbit, avx, avx2, aes, erms, clmul, bmi1, bmi2, adx, fma, vzeroupper, clflush, clflushopt, hv

Memory: 4k page, system-wide physical 7988M (709M free)
TotalPageFile size 25853M (AvailPageFile size 5M)
current process WorkingSet (physical memory assigned to process): 10M, peak: 10M
current process commit charge ("private bytes"): 59M, peak: 60M

vm_info: Java HotSpot(TM) 64-Bit Server VM (16.0.2+7-67) for windows-amd64 JRE (16.0.2+7-67), built on Jun  8 2021 23:24:19 by "mach5one" with MS VC++ 16.7 (VS2019)

END.
